<?xml version="1.0" encoding="UTF-8"?>
<!-- Generated by org.testng.reporters.JUnitReportReporter -->
<testsuite hostname="LAPTOP-KC6V0NPL" failures="0" tests="1" name="commentSoldTest.ShopCuponTest" time="25.461" errors="0" timestamp="2022-12-10T22:55:57 IST" skipped="0">
  <testcase classname="commentSoldTest.ShopCuponTest" name="verifyShoping" time="25.461"/>
  <system-out/>
</testsuite> <!-- commentSoldTest.ShopCuponTest -->
