<?xml version="1.0" encoding="UTF-8"?>
<!-- Generated by org.testng.reporters.JUnitReportReporter -->
<testsuite hostname="LAPTOP-KC6V0NPL" failures="0" tests="1" name="commentSoldTestAccount.CreateAccountTest" time="1.302" errors="0" timestamp="2022-12-10T23:53:03 IST" skipped="0">
  <testcase classname="commentSoldTestAccount.CreateAccountTest" name="verify" time="1.302"/>
  <system-out/>
</testsuite> <!-- commentSoldTestAccount.CreateAccountTest -->
