<?xml version="1.0" encoding="UTF-8"?>
<!-- Generated by org.testng.reporters.JUnitReportReporter -->
<testsuite hostname="LAPTOP-KC6V0NPL" failures="0" tests="1" name="commentSoldTest.LoginTest" time="2.919" errors="0" timestamp="2022-12-10T23:53:03 IST" skipped="0">
  <testcase classname="commentSoldTest.LoginTest" name="verifyLoginPage" time="2.919"/>
  <system-out/>
</testsuite> <!-- commentSoldTest.LoginTest -->
