<?xml version="1.0" encoding="UTF-8"?>
<!-- Generated by org.testng.reporters.JUnitReportReporter -->
<testsuite hostname="LAPTOP-KC6V0NPL" failures="0" tests="1" name="commentSoldTest.ShopTest" time="27.072" errors="0" timestamp="2022-12-10T22:55:57 IST" skipped="0">
  <testcase classname="commentSoldTest.ShopTest" name="verifyShoping" time="27.072"/>
  <system-out/>
</testsuite> <!-- commentSoldTest.ShopTest -->
